Using pre-set license

 COMMAND LINE ARGUMENTS:
/Applications/Unity/Unity.app/Contents/MacOS/Unity
-adb2
-batchMode
-noUpm
-name
AssetImportWorker0
-projectPath
/Users/christian_gen/Desktop/Unity Learn - Create With Code/Unit 1/UnityLearn_CreateWithCode_Challenge1/UnityLearn_CreateWithCode_Challenge
-logFile
Logs/AssetImportWorker0.log
-srvPort
49716
Successfully changed project path to: /Users/christian_gen/Desktop/Unity Learn - Create With Code/Unit 1/UnityLearn_CreateWithCode_Challenge1/UnityLearn_CreateWithCode_Challenge
/Users/christian_gen/Desktop/Unity Learn - Create With Code/Unit 1/UnityLearn_CreateWithCode_Challenge1/UnityLearn_CreateWithCode_Challenge
Using Asset Import Pipeline V2.
Refreshing native plugins compatible for Editor in 113.09 ms, found 1 plugins.
Preloading 0 native plugins for Editor in 0.00 ms.
Initialize engine version: 2021.1.3f1 (4bef613afd59)
[Subsystems] Discovering subsystems at path /Applications/Unity/Unity.app/Contents/Resources/UnitySubsystems
[Subsystems] Discovering subsystems at path /Users/christian_gen/Desktop/Unity Learn - Create With Code/Unit 1/UnityLearn_CreateWithCode_Challenge1/UnityLearn_CreateWithCode_Challenge/Assets
GfxDevice: creating device client; threaded=0; jobified=0
2021-06-03 20:46:56.842 Unity[36273:1576218] Color LCD preferred device: Intel(R) Iris(TM) Graphics 6100 (low power)
2021-06-03 20:46:56.842 Unity[36273:1576218] Metal devices available: 1
2021-06-03 20:46:56.842 Unity[36273:1576218] 0: Intel(R) Iris(TM) Graphics 6100 (low power)
2021-06-03 20:46:56.844 Unity[36273:1576218] Using device Intel(R) Iris(TM) Graphics 6100 (low power)
Initializing Metal device caps: Intel(R) Iris(TM) Graphics 6100
Initialize mono
Mono path[0] = '/Applications/Unity/Unity.app/Contents/Managed'
Mono path[1] = '/Applications/Unity/Unity.app/Contents/MonoBleedingEdge/lib/mono/unityjit'
Mono config path = '/Applications/Unity/Unity.app/Contents/MonoBleedingEdge/etc'
Using monoOptions --debugger-agent=transport=dt_socket,embedding=1,server=y,suspend=n,address=127.0.0.1:56273
Begin MonoManager ReloadAssembly
Registering precompiled unity dll's ...
Register platform support module: /Applications/Unity/Unity.app/Contents/PlaybackEngines/MacStandaloneSupport/UnityEditor.OSXStandalone.Extensions.dll
Registered in 0.001583 seconds.
Native extension for OSXStandalone target not found
Refreshing native plugins compatible for Editor in 98.83 ms, found 1 plugins.
Preloading 0 native plugins for Editor in 0.00 ms.
Mono: successfully reloaded assembly
- Completed reload, in  3.917 seconds
Platform modules already initialized, skipping
Registering precompiled user dll's ...
Registered in 0.004658 seconds.
Begin MonoManager ReloadAssembly
Native extension for OSXStandalone target not found
Refreshing native plugins compatible for Editor in 2.05 ms, found 1 plugins.
Preloading 0 native plugins for Editor in 0.00 ms.
Mono: successfully reloaded assembly
- Completed reload, in  2.608 seconds
Platform modules already initialized, skipping
========================================================================
Worker process is ready to serve import requests
Launching external process: /Applications/Unity/Unity.app/Contents/Tools/UnityShaderCompiler
Launched and connected shader compiler UnityShaderCompiler after 0.05 seconds
Refreshing native plugins compatible for Editor in 0.55 ms, found 1 plugins.
Preloading 0 native plugins for Editor in 0.00 ms.
Unloading 2665 Unused Serialized files (Serialized files now loaded: 0)
System memory in use before: 165.7 MB.
System memory in use after: 165.9 MB.

Unloading 15 unused Assets to reduce memory usage. Loaded Objects now: 3117.
Total: 2.391500 ms (FindLiveObjects: 0.272563 ms CreateObjectMapping: 0.114020 ms MarkObjects: 1.917025 ms  DeleteObjects: 0.086162 ms)

========================================================================
Received Import Request.
  path: Assets
  artifactKey: Guid(00000000000000001000000000000000) Importer(815301076,1909f56bfc062723c751e8b465ee728b)
Start importing Assets using Guid(00000000000000001000000000000000) Importer(815301076,1909f56bfc062723c751e8b465ee728b)  -> (artifact id: 'efcc68737208a1d7a8581e190ec11b99') in 0.007242 seconds 
